C:\Users\Teemo\Documents\Visual Studio 2015\Projects\roadkill-2.0\roadkill-2.0\src\Roadkill.Web\Assets\Scripts\roadkill\typescript-ref\constants.js
C:\Users\Teemo\Documents\Visual Studio 2015\Projects\roadkill-2.0\roadkill-2.0\src\Roadkill.Web\Assets\Scripts\roadkill\typescript-ref\constants.js.map
C:\Users\Teemo\Documents\Visual Studio 2015\Projects\roadkill-2.0\roadkill-2.0\src\Roadkill.Web\Assets\Scripts\roadkill\setup.js
C:\Users\Teemo\Documents\Visual Studio 2015\Projects\roadkill-2.0\roadkill-2.0\src\Roadkill.Web\Assets\Scripts\roadkill\setup.js.map
C:\Users\Teemo\Documents\Visual Studio 2015\Projects\roadkill-2.0\roadkill-2.0\src\Roadkill.Web\Assets\Scripts\roadkill\validation.js
C:\Users\Teemo\Documents\Visual Studio 2015\Projects\roadkill-2.0\roadkill-2.0\src\Roadkill.Web\Assets\Scripts\roadkill\validation.js.map
C:\Users\Teemo\Documents\Visual Studio 2015\Projects\roadkill-2.0\roadkill-2.0\src\Roadkill.Web\Assets\Scripts\roadkill\sitesettings\settings.js
C:\Users\Teemo\Documents\Visual Studio 2015\Projects\roadkill-2.0\roadkill-2.0\src\Roadkill.Web\Assets\Scripts\roadkill\sitesettings\settings.js.map
C:\Users\Teemo\Documents\Visual Studio 2015\Projects\roadkill-2.0\roadkill-2.0\src\Roadkill.Web\Assets\Scripts\roadkill\editpage\wysiwygeditor.js
C:\Users\Teemo\Documents\Visual Studio 2015\Projects\roadkill-2.0\roadkill-2.0\src\Roadkill.Web\Assets\Scripts\roadkill\editpage\wysiwygeditor.js.map
C:\Users\Teemo\Documents\Visual Studio 2015\Projects\roadkill-2.0\roadkill-2.0\src\Roadkill.Web\Assets\Scripts\roadkill\editpage\editpage.js
C:\Users\Teemo\Documents\Visual Studio 2015\Projects\roadkill-2.0\roadkill-2.0\src\Roadkill.Web\Assets\Scripts\roadkill\editpage\editpage.js.map
C:\Users\Teemo\Documents\Visual Studio 2015\Projects\roadkill-2.0\roadkill-2.0\src\Roadkill.Web\Assets\Scripts\roadkill\typescript-ref\references.js
C:\Users\Teemo\Documents\Visual Studio 2015\Projects\roadkill-2.0\roadkill-2.0\src\Roadkill.Web\Assets\Scripts\roadkill\typescript-ref\references.js.map
C:\Users\Teemo\Documents\Visual Studio 2015\Projects\roadkill-2.0\roadkill-2.0\src\Roadkill.Web\Assets\Scripts\roadkill\dialogs.js
C:\Users\Teemo\Documents\Visual Studio 2015\Projects\roadkill-2.0\roadkill-2.0\src\Roadkill.Web\Assets\Scripts\roadkill\dialogs.js.map
C:\Users\Teemo\Documents\Visual Studio 2015\Projects\roadkill-2.0\roadkill-2.0\src\Roadkill.Web\Assets\Scripts\roadkill\filemanager\buttonevents.js
C:\Users\Teemo\Documents\Visual Studio 2015\Projects\roadkill-2.0\roadkill-2.0\src\Roadkill.Web\Assets\Scripts\roadkill\filemanager\buttonevents.js.map
C:\Users\Teemo\Documents\Visual Studio 2015\Projects\roadkill-2.0\roadkill-2.0\src\Roadkill.Web\Assets\Scripts\roadkill\filemanager\tableevents.js
C:\Users\Teemo\Documents\Visual Studio 2015\Projects\roadkill-2.0\roadkill-2.0\src\Roadkill.Web\Assets\Scripts\roadkill\filemanager\tableevents.js.map
C:\Users\Teemo\Documents\Visual Studio 2015\Projects\roadkill-2.0\roadkill-2.0\src\Roadkill.Web\Assets\Scripts\roadkill\filemanager\breadcrumbtrail.js
C:\Users\Teemo\Documents\Visual Studio 2015\Projects\roadkill-2.0\roadkill-2.0\src\Roadkill.Web\Assets\Scripts\roadkill\filemanager\breadcrumbtrail.js.map
C:\Users\Teemo\Documents\Visual Studio 2015\Projects\roadkill-2.0\roadkill-2.0\src\Roadkill.Web\Assets\Scripts\roadkill\filemanager\ajaxrequest.js
C:\Users\Teemo\Documents\Visual Studio 2015\Projects\roadkill-2.0\roadkill-2.0\src\Roadkill.Web\Assets\Scripts\roadkill\filemanager\ajaxrequest.js.map
C:\Users\Teemo\Documents\Visual Studio 2015\Projects\roadkill-2.0\roadkill-2.0\src\Roadkill.Web\Assets\Scripts\roadkill\filemanager\util.js
C:\Users\Teemo\Documents\Visual Studio 2015\Projects\roadkill-2.0\roadkill-2.0\src\Roadkill.Web\Assets\Scripts\roadkill\filemanager\util.js.map
C:\Users\Teemo\Documents\Visual Studio 2015\Projects\roadkill-2.0\roadkill-2.0\src\Roadkill.Web\Assets\Scripts\roadkill\filemanager\htmlbuilder.js
C:\Users\Teemo\Documents\Visual Studio 2015\Projects\roadkill-2.0\roadkill-2.0\src\Roadkill.Web\Assets\Scripts\roadkill\filemanager\htmlbuilder.js.map
C:\Users\Teemo\Documents\Visual Studio 2015\Projects\roadkill-2.0\roadkill-2.0\src\Roadkill.Web\Assets\Scripts\roadkill\typescript-ref\filemodel.js
C:\Users\Teemo\Documents\Visual Studio 2015\Projects\roadkill-2.0\roadkill-2.0\src\Roadkill.Web\Assets\Scripts\roadkill\typescript-ref\filemodel.js.map
C:\Users\Teemo\Documents\Visual Studio 2015\Projects\roadkill-2.0\roadkill-2.0\src\Roadkill.Web\Assets\Scripts\roadkill\typescript-ref\directoryviewmodel.js
C:\Users\Teemo\Documents\Visual Studio 2015\Projects\roadkill-2.0\roadkill-2.0\src\Roadkill.Web\Assets\Scripts\roadkill\typescript-ref\directoryviewmodel.js.map
C:\Users\Teemo\Documents\Visual Studio 2015\Projects\roadkill-2.0\roadkill-2.0\src\Roadkill.Web\Assets\Scripts\roadkill\typescript-ref\filemanager.references.js
C:\Users\Teemo\Documents\Visual Studio 2015\Projects\roadkill-2.0\roadkill-2.0\src\Roadkill.Web\Assets\Scripts\roadkill\typescript-ref\filemanager.references.js.map
C:\Users\Teemo\Documents\Visual Studio 2015\Projects\roadkill-2.0\roadkill-2.0\src\Roadkill.Web\Assets\Scripts\roadkill\filemanager\setup.js
C:\Users\Teemo\Documents\Visual Studio 2015\Projects\roadkill-2.0\roadkill-2.0\src\Roadkill.Web\Assets\Scripts\roadkill\filemanager\setup.js.map
C:\Users\Teemo\Documents\Visual Studio 2015\Projects\roadkill-2.0\roadkill-2.0\src\Roadkill.Web\Assets\Scripts\roadkill\typescript-ref\installerconstants.js
C:\Users\Teemo\Documents\Visual Studio 2015\Projects\roadkill-2.0\roadkill-2.0\src\Roadkill.Web\Assets\Scripts\roadkill\typescript-ref\installerconstants.js.map
C:\Users\Teemo\Documents\Visual Studio 2015\Projects\roadkill-2.0\roadkill-2.0\src\Roadkill.Web\Assets\Scripts\roadkill\installer\step3Db.js
C:\Users\Teemo\Documents\Visual Studio 2015\Projects\roadkill-2.0\roadkill-2.0\src\Roadkill.Web\Assets\Scripts\roadkill\installer\step3Db.js.map
C:\Users\Teemo\Documents\Visual Studio 2015\Projects\roadkill-2.0\roadkill-2.0\src\Roadkill.Web\Assets\Scripts\roadkill\installer\step5.js
C:\Users\Teemo\Documents\Visual Studio 2015\Projects\roadkill-2.0\roadkill-2.0\src\Roadkill.Web\Assets\Scripts\roadkill\installer\step5.js.map
C:\Users\Teemo\Documents\Visual Studio 2015\Projects\roadkill-2.0\roadkill-2.0\src\Roadkill.Web\Assets\Scripts\roadkill\installer\step4.js
C:\Users\Teemo\Documents\Visual Studio 2015\Projects\roadkill-2.0\roadkill-2.0\src\Roadkill.Web\Assets\Scripts\roadkill\installer\step4.js.map
C:\Users\Teemo\Documents\Visual Studio 2015\Projects\roadkill-2.0\roadkill-2.0\src\Roadkill.Web\Assets\Scripts\roadkill\installer\step3WindowsAuth.js
C:\Users\Teemo\Documents\Visual Studio 2015\Projects\roadkill-2.0\roadkill-2.0\src\Roadkill.Web\Assets\Scripts\roadkill\installer\step3WindowsAuth.js.map
C:\Users\Teemo\Documents\Visual Studio 2015\Projects\roadkill-2.0\roadkill-2.0\src\Roadkill.Web\Assets\Scripts\roadkill\installer\step2.js
C:\Users\Teemo\Documents\Visual Studio 2015\Projects\roadkill-2.0\roadkill-2.0\src\Roadkill.Web\Assets\Scripts\roadkill\installer\step2.js.map
C:\Users\Teemo\Documents\Visual Studio 2015\Projects\roadkill-2.0\roadkill-2.0\src\Roadkill.Web\Assets\Scripts\roadkill\installer\step1.js
C:\Users\Teemo\Documents\Visual Studio 2015\Projects\roadkill-2.0\roadkill-2.0\src\Roadkill.Web\Assets\Scripts\roadkill\installer\step1.js.map
C:\Users\Teemo\Documents\Visual Studio 2015\Projects\roadkill-2.0\roadkill-2.0\src\Roadkill.Web\Assets\Scripts\roadkill\installer\installwizard.js
C:\Users\Teemo\Documents\Visual Studio 2015\Projects\roadkill-2.0\roadkill-2.0\src\Roadkill.Web\Assets\Scripts\roadkill\installer\installwizard.js.map
